# JRE version: OpenJDK Runtime Environment (8.0_202-b03) (build 1.8.0_202-release-1483-b03)
# Java VM: OpenJDK 64-Bit Server VM (25.202-b03 mixed mode windows-amd64 compressed oops)
Heap:
 PSYoungGen      total 316416K, used 298496K [0x00000000e0000000, 0x00000000f5100000, 0x0000000100000000)
  eden space 298496K, 100% used [0x00000000e0000000,0x00000000f2380000,0x00000000f2380000)
  from space 17920K, 0% used [0x00000000f3f80000,0x00000000f3f80000,0x00000000f5100000)
  to   space 22016K, 67% used [0x00000000f2600000,0x00000000f3489090,0x00000000f3b80000)
 ParOldGen       total 180736K, used 31674K [0x00000000a0000000, 0x00000000ab080000, 0x00000000e0000000)
  object space 180736K, 17% used [0x00000000a0000000,0x00000000a1eee830,0x00000000ab080000)
 Metaspace       used 74640K, capacity 76902K, committed 77016K, reserved 1116160K
  class space    used 9921K, capacity 10418K, committed 10456K, reserved 1048576K
GC Heap History (10 events):
Event: 10.787 GC heap after
Heap after GC invocations=7 (full 1):
 PSYoungGen      total 194560K, used 8226K [0x00000000e0000000, 0x00000000eff80000, 0x0000000100000000)
  eden space 180224K, 0% used [0x00000000e0000000,0x00000000e0000000,0x00000000eb000000)
  from space 14336K, 57% used [0x00000000ebe00000,0x00000000ec608b18,0x00000000ecc00000)
  to   space 14336K, 0% used [0x00000000eb000000,0x00000000eb000000,0x00000000ebe00000)
 ParOldGen       total 103424K, used 12819K [0x00000000a0000000, 0x00000000a6500000, 0x00000000e0000000)
  object space 103424K, 12% used [0x00000000a0000000,0x00000000a0c84ed0,0x00000000a6500000)
 Metaspace       used 34559K, capacity 35260K, committed 35416K, reserved 1079296K
  class space    used 4742K, capacity 4937K, committed 4952K, reserved 1048576K
}
Event: 10.787 GC heap before
{Heap before GC invocations=8 (full 2):
 PSYoungGen      total 194560K, used 8226K [0x00000000e0000000, 0x00000000eff80000, 0x0000000100000000)
  eden space 180224K, 0% used [0x00000000e0000000,0x00000000e0000000,0x00000000eb000000)
  from space 14336K, 57% used [0x00000000ebe00000,0x00000000ec608b18,0x00000000ecc00000)
  to   space 14336K, 0% used [0x00000000eb000000,0x00000000eb000000,0x00000000ebe00000)
 ParOldGen       total 103424K, used 12819K [0x00000000a0000000, 0x00000000a6500000, 0x00000000e0000000)
  object space 103424K, 12% used [0x00000000a0000000,0x00000000a0c84ed0,0x00000000a6500000)
 Metaspace       used 34559K, capacity 35260K, committed 35416K, reserved 1079296K
  class space    used 4742K, capacity 4937K, committed 4952K, reserved 1048576K
Event: 10.869 GC heap after
Heap after GC invocations=8 (full 2):
 PSYoungGen      total 194560K, used 0K [0x00000000e0000000, 0x00000000eff80000, 0x0000000100000000)
  eden space 180224K, 0% used [0x00000000e0000000,0x00000000e0000000,0x00000000eb000000)
  from space 14336K, 0% used [0x00000000ebe00000,0x00000000ebe00000,0x00000000ecc00000)
  to   space 14336K, 0% used [0x00000000eb000000,0x00000000eb000000,0x00000000ebe00000)
 ParOldGen       total 132608K, used 15878K [0x00000000a0000000, 0x00000000a8180000, 0x00000000e0000000)
  object space 132608K, 11% used [0x00000000a0000000,0x00000000a0f81ae8,0x00000000a8180000)
 Metaspace       used 34559K, capacity 35260K, committed 35416K, reserved 1079296K
  class space    used 4742K, capacity 4937K, committed 4952K, reserved 1048576K
}
Event: 15.437 GC heap before
{Heap before GC invocations=9 (full 2):
 PSYoungGen      total 194560K, used 180224K [0x00000000e0000000, 0x00000000eff80000, 0x0000000100000000)
  eden space 180224K, 100% used [0x00000000e0000000,0x00000000eb000000,0x00000000eb000000)
  from space 14336K, 0% used [0x00000000ebe00000,0x00000000ebe00000,0x00000000ecc00000)
  to   space 14336K, 0% used [0x00000000eb000000,0x00000000eb000000,0x00000000ebe00000)
 ParOldGen       total 132608K, used 15878K [0x00000000a0000000, 0x00000000a8180000, 0x00000000e0000000)
  object space 132608K, 11% used [0x00000000a0000000,0x00000000a0f81ae8,0x00000000a8180000)
 Metaspace       used 50946K, capacity 52186K, committed 52312K, reserved 1093632K
  class space    used 6880K, capacity 7216K, committed 7256K, reserved 1048576K
Event: 15.477 GC heap after
Heap after GC invocations=9 (full 2):
 PSYoungGen      total 194560K, used 14310K [0x00000000e0000000, 0x00000000f5300000, 0x0000000100000000)
  eden space 180224K, 0% used [0x00000000e0000000,0x00000000e0000000,0x00000000eb000000)
  from space 14336K, 99% used [0x00000000eb000000,0x00000000ebdf9868,0x00000000ebe00000)
  to   space 19968K, 0% used [0x00000000f3f80000,0x00000000f3f80000,0x00000000f5300000)
 ParOldGen       total 132608K, used 23649K [0x00000000a0000000, 0x00000000a8180000, 0x00000000e0000000)
  object space 132608K, 17% used [0x00000000a0000000,0x00000000a17185b0,0x00000000a8180000)
 Metaspace       used 50946K, capacity 52186K, committed 52312K, reserved 1093632K
  class space    used 6880K, capacity 7216K, committed 7256K, reserved 1048576K
}
Event: 17.821 GC heap before
{Heap before GC invocations=10 (full 2):
 PSYoungGen      total 194560K, used 99221K [0x00000000e0000000, 0x00000000f5300000, 0x0000000100000000)
  eden space 180224K, 47% used [0x00000000e0000000,0x00000000e52ebde8,0x00000000eb000000)
  from space 14336K, 99% used [0x00000000eb000000,0x00000000ebdf9868,0x00000000ebe00000)
  to   space 19968K, 0% used [0x00000000f3f80000,0x00000000f3f80000,0x00000000f5300000)
 ParOldGen       total 132608K, used 23649K [0x00000000a0000000, 0x00000000a8180000, 0x00000000e0000000)
  object space 132608K, 17% used [0x00000000a0000000,0x00000000a17185b0,0x00000000a8180000)
 Metaspace       used 57112K, capacity 58838K, committed 58968K, reserved 1099776K
  class space    used 7757K, capacity 8162K, committed 8280K, reserved 1048576K
Event: 17.839 GC heap after
Heap after GC invocations=10 (full 2):
 PSYoungGen      total 316416K, used 17830K [0x00000000e0000000, 0x00000000f5100000, 0x0000000100000000)
  eden space 298496K, 0% used [0x00000000e0000000,0x00000000e0000000,0x00000000f2380000)
  from space 17920K, 99% used [0x00000000f3f80000,0x00000000f50e9a30,0x00000000f5100000)
  to   space 22016K, 0% used [0x00000000f2600000,0x00000000f2600000,0x00000000f3b80000)
 ParOldGen       total 132608K, used 23721K [0x00000000a0000000, 0x00000000a8180000, 0x00000000e0000000)
  object space 132608K, 17% used [0x00000000a0000000,0x00000000a172a5c0,0x00000000a8180000)
 Metaspace       used 57112K, capacity 58838K, committed 58968K, reserved 1099776K
  class space    used 7757K, capacity 8162K, committed 8280K, reserved 1048576K
}
Event: 17.839 GC heap before
{Heap before GC invocations=11 (full 3):
 PSYoungGen      total 316416K, used 17830K [0x00000000e0000000, 0x00000000f5100000, 0x0000000100000000)
  eden space 298496K, 0% used [0x00000000e0000000,0x00000000e0000000,0x00000000f2380000)
  from space 17920K, 99% used [0x00000000f3f80000,0x00000000f50e9a30,0x00000000f5100000)
  to   space 22016K, 0% used [0x00000000f2600000,0x00000000f2600000,0x00000000f3b80000)
 ParOldGen       total 132608K, used 23721K [0x00000000a0000000, 0x00000000a8180000, 0x00000000e0000000)
  object space 132608K, 17% used [0x00000000a0000000,0x00000000a172a5c0,0x00000000a8180000)
 Metaspace       used 57112K, capacity 58838K, committed 58968K, reserved 1099776K
  class space    used 7757K, capacity 8162K, committed 8280K, reserved 1048576K
Event: 18.062 GC heap after
Heap after GC invocations=11 (full 3):
 PSYoungGen      total 316416K, used 0K [0x00000000e0000000, 0x00000000f5100000, 0x0000000100000000)
  eden space 298496K, 0% used [0x00000000e0000000,0x00000000e0000000,0x00000000f2380000)
  from space 17920K, 0% used [0x00000000f3f80000,0x00000000f3f80000,0x00000000f5100000)
  to   space 22016K, 0% used [0x00000000f2600000,0x00000000f2600000,0x00000000f3b80000)
 ParOldGen       total 180736K, used 31658K [0x00000000a0000000, 0x00000000ab080000, 0x00000000e0000000)
  object space 180736K, 17% used [0x00000000a0000000,0x00000000a1eea830,0x00000000ab080000)
 Metaspace       used 57044K, capacity 58636K, committed 58968K, reserved 1099776K
  class space    used 7736K, capacity 8125K, committed 8280K, reserved 1048576K
}
Event: 296.263 GC heap before
{Heap before GC invocations=12 (full 3):
 PSYoungGen      total 316416K, used 298496K [0x00000000e0000000, 0x00000000f5100000, 0x0000000100000000)
  eden space 298496K, 100% used [0x00000000e0000000,0x00000000f2380000,0x00000000f2380000)
  from space 17920K, 0% used [0x00000000f3f80000,0x00000000f3f80000,0x00000000f5100000)
  to   space 22016K, 0% used [0x00000000f2600000,0x00000000f2600000,0x00000000f3b80000)
 ParOldGen       total 180736K, used 31658K [0x00000000a0000000, 0x00000000ab080000, 0x00000000e0000000)
  object space 180736K, 17% used [0x00000000a0000000,0x00000000a1eea830,0x00000000ab080000)
 Metaspace       used 74640K, capacity 76902K, committed 77016K, reserved 1116160K
  class space    used 9921K, capacity 10418K, committed 10456K, reserved 1048576K

